<?xml version="1.0" encoding="UTF-8"?>
<!-- Generated by org.testng.reporters.JUnitXMLReporter -->
<testsuite hostname="LAPTOP-HLJNO3PS" ignored="0" name="Test" tests="1" failures="1" timestamp="14 Jun 2020 20:18:06 GMT" time="18.785" errors="0">
  <testcase name="testMethod" time="0.034" classname="com.selenium.testcases.PageTest">
    <failure type="java.lang.AssertionError" message="expected [Test] but found [Google]">
      <![CDATA[java.lang.AssertionError: expected [Test] but found [Google]
	at com.selenium.testcases.PageTest.testMethod(PageTest.java:35)
... Removed 31 stack frames]]>
    </failure>
  </testcase> <!-- testMethod -->
</testsuite> <!-- Test -->
