<?xml version="1.0" encoding="UTF-8"?>
<!-- Generated by org.testng.reporters.JUnitXMLReporter -->
<testsuite hostname="LAPTOP-HLJNO3PS" ignored="0" name="Test" tests="3" failures="0" timestamp="20 Apr 2020 18:56:25 GMT" time="0.264" errors="0">
  <testcase name="@BeforeMethod setUp" time="0.0" classname="com.brightside.mentoring.testcases.SignUpPageTest">
    <failure type="java.lang.IllegalStateException" message="The driver executable does not exist: D:\Load Testing\chromedriver.exe">
      <![CDATA[java.lang.IllegalStateException: The driver executable does not exist: D:\Load Testing\chromedriver.exe
	at com.google.common.base.Preconditions.checkState(Preconditions.java:585)
	at org.openqa.selenium.remote.service.DriverService.checkExecutable(DriverService.java:146)
	at org.openqa.selenium.remote.service.DriverService.findExecutable(DriverService.java:141)
	at org.openqa.selenium.chrome.ChromeDriverService.access$000(ChromeDriverService.java:35)
	at org.openqa.selenium.chrome.ChromeDriverService$Builder.findDefaultExecutable(ChromeDriverService.java:159)
	at org.openqa.selenium.remote.service.DriverService$Builder.build(DriverService.java:355)
	at org.openqa.selenium.chrome.ChromeDriverService.createDefaultService(ChromeDriverService.java:94)
	at org.openqa.selenium.chrome.ChromeDriver.<init>(ChromeDriver.java:123)
	at com.brightside.mentoring.base.TestBase.initialization(TestBase.java:40)
	at com.brightside.mentoring.testcases.SignUpPageTest.setUp(SignUpPageTest.java:27)
... Removed 27 stack frames]]>
    </failure>
  </testcase> <!-- @BeforeMethod setUp -->
  <testcase name="@AfterMethod tearDown" time="0.0" classname="com.brightside.mentoring.testcases.SignUpPageTest">
    <skipped/>
  </testcase> <!-- @AfterMethod tearDown -->
  <testcase name="@BeforeMethod setUp" time="0.0" classname="com.brightside.mentoring.testcases.SignUpPageTest">
    <skipped/>
  </testcase> <!-- @BeforeMethod setUp -->
  <testcase name="@AfterMethod tearDown" time="0.0" classname="com.brightside.mentoring.testcases.SignUpPageTest">
    <skipped/>
  </testcase> <!-- @AfterMethod tearDown -->
  <testcase name="signUpPageTitleTest" time="0.017" classname="com.brightside.mentoring.testcases.SignUpPageTest">
    <skipped/>
  </testcase> <!-- signUpPageTitleTest -->
  <testcase name="signUpWithProjectCodeTest" time="0.002" classname="com.brightside.mentoring.testcases.SignUpPageTest">
    <skipped/>
  </testcase> <!-- signUpWithProjectCodeTest -->
  <testcase name="signUp" time="0.0" classname="com.brightside.mentoring.testcases.SignUpPageTest">
    <skipped/>
  </testcase> <!-- signUp -->
</testsuite> <!-- Test -->
